Staying in the corner
Just hit by 4 with life 990, power 11
Just hit by 1 with life 1000, power 10
An eye for an eye attack on 4
Just hit by 1 with life 1000, power 10
An eye for an eye attack on 1
Just hit by 0 with life 989, power 11
An eye for an eye attack on 0
Close to the end. Attacking 3
Just hit by 0 with life 963, power 13
An eye for an eye attack on 0
Just hit by 5 with life 978, power 12
An eye for an eye attack on 5
Just hit by 0 with life 947, power 14
Just hit by 5 with life 961, power 13
An eye for an eye attack on 0
Close to the end. Attacking 2
Just hit by 0 with life 915, power 16
An eye for an eye attack on 0
Close to the end. Attacking 6
Just hit by 0 with life 895, power 17
An eye for an eye attack on 0
Close to the end. Attacking 2
Just hit by 0 with life 842, power 20
An eye for an eye attack on 0
Close to the end. Attacking 6
Just hit by 0 with life 803, power 22
An eye for an eye attack on 0
Just hit by 5 with life 876, power 18
An eye for an eye attack on 5
Just hit by 0 with life 780, power 23
An eye for an eye attack on 0
Close to the end. Attacking 1
Just hit by 0 with life 755, power 24
An eye for an eye attack on 0
Close to the end. Attacking 2
Just hit by 0 with life 729, power 25
An eye for an eye attack on 0
Staying in the corner
Just hit by 0 with life 702, power 26
An eye for an eye attack on 0
Just hit by 5 with life 779, power 23
An eye for an eye attack on 5
Just hit by 0 with life 674, power 27
An eye for an eye attack on 0
Staying in the corner
Just hit by 0 with life 644, power 28
An eye for an eye attack on 0
Staying in the corner
Just hit by 0 with life 613, power 29
An eye for an eye attack on 0
Staying in the corner
Just hit by 0 with life 581, power 30
An eye for an eye attack on 0
Close to the end. Attacking 6
Just hit by 0 with life 519, power 32
An eye for an eye attack on 0
Just hit by 6 with life 671, power 27
An eye for an eye attack on 6
Just hit by 0 with life 426, power 35
An eye for an eye attack on 0
Just hit by 6 with life 570, power 31
An eye for an eye attack on 6
Just hit by 0 with life 327, power 38
An eye for an eye attack on 0
Just hit by 6 with life 533, power 32
An eye for an eye attack on 6
Just hit by 0 with life 224, power 41
An eye for an eye attack on 0
Just hit by 6 with life 470, power 36
An eye for an eye attack on 6
Just hit by 0 with life 115, power 44
An eye for an eye attack on 0
Just hit by 6 with life 429, power 37
An eye for an eye attack on 6
Close to the end. Attacking 2
Just hit by 1 with life 376, power 37
Just hit by 6 with life 407, power 38
Just hit by 5 with life 406, power 37
An eye for an eye attack on 6
Just hit by 1 with life 355, power 38
An eye for an eye attack on 1
Just hit by 1 with life 307, power 39
Just hit by 6 with life 364, power 41
An eye for an eye attack on 6
Staying in the corner
Just hit by 0 with life 1000, power 10
An eye for an eye attack on 0
Staying in the corner
Just hit by 0 with life 989, power 11
An eye for an eye attack on 0
Power-preserving attack on 4 (my power 12 vs. avg. 12.1428571428571)
Just hit by 0 with life 977, power 12
An eye for an eye attack on 0
Staying in the corner
Just hit by 0 with life 964, power 13
An eye for an eye attack on 0
Power-preserving attack on 2 (my power 14 vs. avg. 14.1428571428571)
Just hit by 0 with life 950, power 14
Just hit by 5 with life 823, power 25
An eye for an eye attack on 5
Staying in the corner
Just hit by 5 with life 751, power 30
An eye for an eye attack on 5
Staying in the corner
Power-preserving attack on 3 (my power 16 vs. avg. 16.2857142857143)
Power-preserving attack on 6 (my power 16 vs. avg. 17.1428571428571)
Power-preserving attack on 2 (my power 16 vs. avg. 18.1428571428571)
Just hit by 6 with life 932, power 15
An eye for an eye attack on 6
Power-preserving attack on 4 (my power 17 vs. avg. 20.1428571428571)
Just hit by 6 with life 907, power 20
An eye for an eye attack on 6
Power-preserving attack on 2 (my power 18 vs. avg. 21.8571428571429)
Just hit by 6 with life 898, power 21
An eye for an eye attack on 6
Power-preserving attack on 2 (my power 19 vs. avg. 23.8571428571429)
Power-preserving attack on 2 (my power 19 vs. avg. 25)
Just hit by 3 with life 808, power 17
An eye for an eye attack on 3
Power-preserving attack on 4 (my power 20 vs. avg. 26.5714285714286)
Just hit by 4 with life 785, power 22
An eye for an eye attack on 4
Power-preserving attack on 6 (my power 21 vs. avg. 28)
Just hit by 3 with life 768, power 19
An eye for an eye attack on 3
Close to the end. Attacking 2
Power-preserving attack on 2 (my power 23 vs. avg. 24.3333333333333)
Power-preserving attack on 6 (my power 23 vs. avg. 25.5)
Just hit by 3 with life 723, power 21
An eye for an eye attack on 3
Power-preserving attack on 2 (my power 24 vs. avg. 27.3333333333333)
Just hit by 3 with life 699, power 22
An eye for an eye attack on 3
Power-preserving attack on 2 (my power 25 vs. avg. 29)
Power-preserving attack on 2 (my power 25 vs. avg. 30.1666666666667)
Just hit by 3 with life 674, power 23
Just hit by 4 with life 401, power 37
An eye for an eye attack on 4
Power-preserving attack on 2 (my power 27 vs. avg. 31.6666666666667)
Power-preserving attack on 2 (my power 27 vs. avg. 32.8333333333333)
Just hit by 3 with life 637, power 24
Just hit by 4 with life 296, power 41
An eye for an eye attack on 4
Power-preserving attack on 2 (my power 29 vs. avg. 34.3333333333333)
Power-preserving attack on 3 (my power 29 vs. avg. 35.5)
Just hit by 3 with life 523, power 27
An eye for an eye attack on 3
Power-preserving attack on 2 (my power 30 vs. avg. 37.1666666666667)
Just hit by 3 with life 493, power 28
An eye for an eye attack on 3
Power-preserving attack on 2 (my power 31 vs. avg. 39)
Just hit by 3 with life 462, power 29
An eye for an eye attack on 3
Just hit by 3 with life 386, power 31
Just hit by 4 with life 30, power 50
An eye for an eye attack on 4
Power-preserving attack on 2 (my power 34 vs. avg. 40)
Power-preserving attack on 1 (my power 34 vs. avg. 41.25)
Just hit by 3 with life 251, power 34
An eye for an eye attack on 3
Just hit by 3 with life 170, power 36
An eye for an eye attack on 3
Just hit by 3 with life 134, power 37
An eye for an eye attack on 3
Just hit by 3 with life 51, power 39
An eye for an eye attack on 3
Just hit by 2 with life 403, power 46
An eye for an eye attack on 2
Power-preserving attack on 2 (my power 40 vs. avg. 48.3333333333333)
Just hit by 2 with life 323, power 48
An eye for an eye attack on 2
Just hit by 2 with life 282, power 49
An eye for an eye attack on 2
Just hit by 2 with life 240, power 50
An eye for an eye attack on 2
Staying in the corner
Power-preserving attack on 2 (my power 9 vs. avg. 10.1428571428571)
Just hit by 4 with life 990, power 11
An eye for an eye attack on 4
Power-preserving attack on 2 (my power 10 vs. avg. 11)
Power-preserving attack on 6 (my power 10 vs. avg. 11.8571428571429)
Power-preserving attack on 3 (my power 10 vs. avg. 12.5714285714286)
Power-preserving attack on 1 (my power 10 vs. avg. 13.5714285714286)
Power-preserving attack on 0 (my power 10 vs. avg. 13.8571428571429)
Just hit by 5 with life 771, power 29
Just hit by 4 with life 971, power 13
An eye for an eye attack on 5
Just hit by 0 with life 970, power 13
An eye for an eye attack on 0
Power-preserving attack on 6 (my power 13 vs. avg. 15)
Just hit by 0 with life 948, power 15
Just hit by 3 with life 955, power 10
An eye for an eye attack on 0
Just hit by 6 with life 958, power 13
An eye for an eye attack on 6
Just hit by 0 with life 933, power 16
An eye for an eye attack on 0
Just hit by 5 with life 584, power 40
Just hit by 6 with life 930, power 17
An eye for an eye attack on 5
Just hit by 0 with life 916, power 17
An eye for an eye attack on 0
Just hit by 5 with life 476, power 45
An eye for an eye attack on 5
Just hit by 5 with life 438, power 47
Just hit by 0 with life 896, power 18
An eye for an eye attack on 5
